<?xml version="1.0" encoding="UTF-8"?>
<testng-results ignored="0" total="1" passed="1" failed="0" skipped="0">
  <reporter-output>
  </reporter-output>
  <suite started-at="2024-02-27T10:57:39 IST" name="Suite" finished-at="2024-02-27T10:57:57 IST" duration-ms="17595">
    <groups>
      <group name="cucumber">
        <method signature="AbstractTestNGCucumberTests.runScenario(io.cucumber.testng.PickleWrapper,io.cucumber.testng.FeatureWrapper)[pri:0, instance:com.displayBookshelves.testRunner.testNGRunner@71075444]" name="runScenario" class="io.cucumber.testng.AbstractTestNGCucumberTests"/>
      </group> <!-- cucumber -->
    </groups>
    <test started-at="2024-02-27T10:57:39 IST" name="Test" finished-at="2024-02-27T10:57:57 IST" duration-ms="17595">
      <class name="com.displayBookshelves.testRunner.testNGRunner">
        <test-method is-config="true" signature="setUpClass(org.testng.ITestContext)[pri:0, instance:com.displayBookshelves.testRunner.testNGRunner@71075444]" started-at="2024-02-27T10:57:39 IST" name="setUpClass" finished-at="2024-02-27T10:57:40 IST" duration-ms="663" status="PASS">
          <params>
            <param index="0">
              <value>
                <![CDATA[org.testng.TestRunner@63eea8c4]]>
              </value>
            </param>
          </params>
          <reporter-output>
          </reporter-output>
        </test-method> <!-- setUpClass -->
        <test-method signature="runScenario(io.cucumber.testng.PickleWrapper,io.cucumber.testng.FeatureWrapper)[pri:0, instance:com.displayBookshelves.testRunner.testNGRunner@71075444]" started-at="2024-02-27T10:57:40 IST" name="runScenario" description="Runs Cucumber Scenarios" data-provider="scenarios" finished-at="2024-02-27T10:57:56 IST" duration-ms="16163" status="PASS">
          <params>
            <param index="0">
              <value>
                <![CDATA["Display the name & price of first three StudyChairs"]]>
              </value>
            </param>
            <param index="1">
              <value>
                <![CDATA["urbanLadder e2e"]]>
              </value>
            </param>
          </params>
          <reporter-output>
          </reporter-output>
        </test-method> <!-- runScenario -->
        <test-method is-config="true" signature="tearDownClass()[pri:0, instance:com.displayBookshelves.testRunner.testNGRunner@71075444]" started-at="2024-02-27T10:57:56 IST" name="tearDownClass" finished-at="2024-02-27T10:57:57 IST" duration-ms="722" status="PASS">
          <reporter-output>
          </reporter-output>
        </test-method> <!-- tearDownClass -->
      </class> <!-- com.displayBookshelves.testRunner.testNGRunner -->
    </test> <!-- Test -->
  </suite> <!-- Suite -->
</testng-results>
