<?xml version="1.0" encoding="UTF-8"?>
<testng-results ignored="0" total="36" passed="35" failed="1" skipped="0">
  <reporter-output>
  </reporter-output>
  <suite started-at="2024-02-27T15:32:34 IST" name="Suite" finished-at="2024-02-27T15:42:00 IST" duration-ms="565537">
    <groups>
      <group name="cucumber">
        <method signature="AbstractTestNGCucumberTests.runScenario(io.cucumber.testng.PickleWrapper,io.cucumber.testng.FeatureWrapper)[pri:0, instance:com.displayBookshelves.testRunner.testNGRunner@71075444]" name="runScenario" class="io.cucumber.testng.AbstractTestNGCucumberTests"/>
      </group> <!-- cucumber -->
    </groups>
    <test started-at="2024-02-27T15:32:34 IST" name="Test" finished-at="2024-02-27T15:42:00 IST" duration-ms="565537">
      <class name="com.displayBookshelves.testRunner.testNGRunner">
        <test-method is-config="true" signature="setUpClass(org.testng.ITestContext)[pri:0, instance:com.displayBookshelves.testRunner.testNGRunner@71075444]" started-at="2024-02-27T15:32:34 IST" name="setUpClass" finished-at="2024-02-27T15:32:35 IST" duration-ms="870" status="PASS">
          <params>
            <param index="0">
              <value>
                <![CDATA[org.testng.TestRunner@3b7bc23a]]>
              </value>
            </param>
          </params>
          <reporter-output>
          </reporter-output>
        </test-method> <!-- setUpClass -->
        <test-method signature="runScenario(io.cucumber.testng.PickleWrapper,io.cucumber.testng.FeatureWrapper)[pri:0, instance:com.displayBookshelves.testRunner.testNGRunner@71075444]" started-at="2024-02-27T15:32:35 IST" name="runScenario" description="Runs Cucumber Scenarios" data-provider="scenarios" finished-at="2024-02-27T15:33:09 IST" duration-ms="34142" status="PASS">
          <params>
            <param index="0">
              <value>
                <![CDATA["Display the name & price of first three Bookshelves"]]>
              </value>
            </param>
            <param index="1">
              <value>
                <![CDATA["urbanLadder e2e"]]>
              </value>
            </param>
          </params>
          <reporter-output>
          </reporter-output>
        </test-method> <!-- runScenario -->
        <test-method signature="runScenario(io.cucumber.testng.PickleWrapper,io.cucumber.testng.FeatureWrapper)[pri:0, instance:com.displayBookshelves.testRunner.testNGRunner@71075444]" started-at="2024-02-27T15:33:09 IST" name="runScenario" description="Runs Cucumber Scenarios" data-provider="scenarios" finished-at="2024-02-27T15:33:25 IST" duration-ms="15509" status="PASS">
          <params>
            <param index="0">
              <value>
                <![CDATA["Display the name & price of first three StudyChairs"]]>
              </value>
            </param>
            <param index="1">
              <value>
                <![CDATA["urbanLadder e2e"]]>
              </value>
            </param>
          </params>
          <reporter-output>
          </reporter-output>
        </test-method> <!-- runScenario -->
        <test-method signature="runScenario(io.cucumber.testng.PickleWrapper,io.cucumber.testng.FeatureWrapper)[pri:0, instance:com.displayBookshelves.testRunner.testNGRunner@71075444]" started-at="2024-02-27T15:33:25 IST" name="runScenario" description="Runs Cucumber Scenarios" data-provider="scenarios" finished-at="2024-02-27T15:33:37 IST" duration-ms="11957" status="PASS">
          <params>
            <param index="0">
              <value>
                <![CDATA["Display all items under any one of sub-menu items of Living menu item"]]>
              </value>
            </param>
            <param index="1">
              <value>
                <![CDATA["urbanLadder e2e"]]>
              </value>
            </param>
          </params>
          <reporter-output>
          </reporter-output>
        </test-method> <!-- runScenario -->
        <test-method signature="runScenario(io.cucumber.testng.PickleWrapper,io.cucumber.testng.FeatureWrapper)[pri:0, instance:com.displayBookshelves.testRunner.testNGRunner@71075444]" started-at="2024-02-27T15:33:37 IST" name="runScenario" description="Runs Cucumber Scenarios" data-provider="scenarios" finished-at="2024-02-27T15:33:40 IST" duration-ms="2769" status="FAIL">
          <params>
            <param index="0">
              <value>
                <![CDATA["Display all items under any one of sub-menu items of Living menu item"]]>
              </value>
            </param>
            <param index="1">
              <value>
                <![CDATA["urbanLadder e2e"]]>
              </value>
            </param>
          </params>
          <exception class="org.openqa.selenium.SessionNotCreatedException">
            <message>
              <![CDATA[Could not start a new session. Response code 500. Message: session not created: Chrome failed to start: crashed.
  (session not created: DevToolsActivePort file doesn't exist)
  (The process started from chrome location C:\Program Files\Google\Chrome\Application\chrome.exe is no longer running, so ChromeDriver is assuming that Chrome has crashed.) 
Host info: host: 'LTIN454439', ip: '192.168.226.121'
Build info: version: '4.15.0', revision: '1d14b5521b'
System info: os.name: 'Windows 11', os.arch: 'amd64', os.version: '10.0', java.version: '17.0.10'
Driver info: org.openqa.selenium.chrome.ChromeDriver
Command: [null, newSession {capabilities=[Capabilities {browserName: chrome, goog:chromeOptions: {args: [], binary: C:\Program Files\Google\Chr..., extensions: []}}]}]]]>
            </message>
            <full-stacktrace>
              <![CDATA[org.openqa.selenium.SessionNotCreatedException: Could not start a new session. Response code 500. Message: session not created: Chrome failed to start: crashed.
  (session not created: DevToolsActivePort file doesn't exist)
  (The process started from chrome location C:\Program Files\Google\Chrome\Application\chrome.exe is no longer running, so ChromeDriver is assuming that Chrome has crashed.) 
Host info: host: 'LTIN454439', ip: '192.168.226.121'
Build info: version: '4.15.0', revision: '1d14b5521b'
System info: os.name: 'Windows 11', os.arch: 'amd64', os.version: '10.0', java.version: '17.0.10'
Driver info: org.openqa.selenium.chrome.ChromeDriver
Command: [null, newSession {capabilities=[Capabilities {browserName: chrome, goog:chromeOptions: {args: [], binary: C:\Program Files\Google\Chr..., extensions: []}}]}]
at org.openqa.selenium.remote.ProtocolHandshake.createSession(ProtocolHandshake.java:140)
at org.openqa.selenium.remote.ProtocolHandshake.createSession(ProtocolHandshake.java:96)
at org.openqa.selenium.remote.ProtocolHandshake.createSession(ProtocolHandshake.java:68)
at org.openqa.selenium.remote.HttpCommandExecutor.execute(HttpCommandExecutor.java:163)
at org.openqa.selenium.remote.service.DriverCommandExecutor.invokeExecute(DriverCommandExecutor.java:200)
at org.openqa.selenium.remote.service.DriverCommandExecutor.execute(DriverCommandExecutor.java:175)
at org.openqa.selenium.remote.RemoteWebDriver.execute(RemoteWebDriver.java:607)
at org.openqa.selenium.remote.RemoteWebDriver.startSession(RemoteWebDriver.java:241)
at org.openqa.selenium.remote.RemoteWebDriver.<init>(RemoteWebDriver.java:168)
at org.openqa.selenium.chromium.ChromiumDriver.<init>(ChromiumDriver.java:108)
at org.openqa.selenium.chrome.ChromeDriver.<init>(ChromeDriver.java:89)
at org.openqa.selenium.chrome.ChromeDriver.<init>(ChromeDriver.java:84)
at org.openqa.selenium.chrome.ChromeDriver.<init>(ChromeDriver.java:52)
at com.displayBookshelves.utils.baseClass.initializeBrowse(baseClass.java:24)
at com.displayBookshelves.stepDefinitions.hooks.setup(hooks.java:28)
]]>
            </full-stacktrace>
          </exception> <!-- org.openqa.selenium.SessionNotCreatedException -->
          <reporter-output>
          </reporter-output>
        </test-method> <!-- runScenario -->
        <test-method signature="runScenario(io.cucumber.testng.PickleWrapper,io.cucumber.testng.FeatureWrapper)[pri:0, instance:com.displayBookshelves.testRunner.testNGRunner@71075444]" started-at="2024-02-27T15:33:40 IST" name="runScenario" description="Runs Cucumber Scenarios" data-provider="scenarios" finished-at="2024-02-27T15:33:55 IST" duration-ms="15765" status="PASS">
          <params>
            <param index="0">
              <value>
                <![CDATA["Gift Card validation"]]>
              </value>
            </param>
            <param index="1">
              <value>
                <![CDATA["urbanLadder e2e"]]>
              </value>
            </param>
          </params>
          <reporter-output>
          </reporter-output>
        </test-method> <!-- runScenario -->
        <test-method signature="runScenario(io.cucumber.testng.PickleWrapper,io.cucumber.testng.FeatureWrapper)[pri:0, instance:com.displayBookshelves.testRunner.testNGRunner@71075444]" started-at="2024-02-27T15:33:55 IST" name="runScenario" description="Runs Cucumber Scenarios" data-provider="scenarios" finished-at="2024-02-27T15:34:12 IST" duration-ms="16633" status="PASS">
          <params>
            <param index="0">
              <value>
                <![CDATA["Gift Card validation"]]>
              </value>
            </param>
            <param index="1">
              <value>
                <![CDATA["urbanLadder e2e"]]>
              </value>
            </param>
          </params>
          <reporter-output>
          </reporter-output>
        </test-method> <!-- runScenario -->
        <test-method signature="runScenario(io.cucumber.testng.PickleWrapper,io.cucumber.testng.FeatureWrapper)[pri:0, instance:com.displayBookshelves.testRunner.testNGRunner@71075444]" started-at="2024-02-27T15:34:12 IST" name="runScenario" description="Runs Cucumber Scenarios" data-provider="scenarios" finished-at="2024-02-27T15:34:28 IST" duration-ms="16452" status="PASS">
          <params>
            <param index="0">
              <value>
                <![CDATA["Gift Card validation"]]>
              </value>
            </param>
            <param index="1">
              <value>
                <![CDATA["urbanLadder e2e"]]>
              </value>
            </param>
          </params>
          <reporter-output>
          </reporter-output>
        </test-method> <!-- runScenario -->
        <test-method signature="runScenario(io.cucumber.testng.PickleWrapper,io.cucumber.testng.FeatureWrapper)[pri:0, instance:com.displayBookshelves.testRunner.testNGRunner@71075444]" started-at="2024-02-27T15:34:28 IST" name="runScenario" description="Runs Cucumber Scenarios" data-provider="scenarios" finished-at="2024-02-27T15:34:41 IST" duration-ms="12435" status="PASS">
          <params>
            <param index="0">
              <value>
                <![CDATA["navigating to bookshelves page through Explore Our Furniture Range menu"]]>
              </value>
            </param>
            <param index="1">
              <value>
                <![CDATA["Regression suite of UrbanLadder Automation"]]>
              </value>
            </param>
          </params>
          <reporter-output>
          </reporter-output>
        </test-method> <!-- runScenario -->
        <test-method signature="runScenario(io.cucumber.testng.PickleWrapper,io.cucumber.testng.FeatureWrapper)[pri:0, instance:com.displayBookshelves.testRunner.testNGRunner@71075444]" started-at="2024-02-27T15:34:41 IST" name="runScenario" description="Runs Cucumber Scenarios" data-provider="scenarios" finished-at="2024-02-27T15:35:08 IST" duration-ms="26814" status="PASS">
          <params>
            <param index="0">
              <value>
                <![CDATA["navigating to bookshelves page through study room furniture"]]>
              </value>
            </param>
            <param index="1">
              <value>
                <![CDATA["Regression suite of UrbanLadder Automation"]]>
              </value>
            </param>
          </params>
          <reporter-output>
          </reporter-output>
        </test-method> <!-- runScenario -->
        <test-method signature="runScenario(io.cucumber.testng.PickleWrapper,io.cucumber.testng.FeatureWrapper)[pri:0, instance:com.displayBookshelves.testRunner.testNGRunner@71075444]" started-at="2024-02-27T15:35:08 IST" name="runScenario" description="Runs Cucumber Scenarios" data-provider="scenarios" finished-at="2024-02-27T15:35:34 IST" duration-ms="26232" status="PASS">
          <params>
            <param index="0">
              <value>
                <![CDATA["navigating to study chairs page through study room furniture"]]>
              </value>
            </param>
            <param index="1">
              <value>
                <![CDATA["Regression suite of UrbanLadder Automation"]]>
              </value>
            </param>
          </params>
          <reporter-output>
          </reporter-output>
        </test-method> <!-- runScenario -->
        <test-method signature="runScenario(io.cucumber.testng.PickleWrapper,io.cucumber.testng.FeatureWrapper)[pri:0, instance:com.displayBookshelves.testRunner.testNGRunner@71075444]" started-at="2024-02-27T15:35:34 IST" name="runScenario" description="Runs Cucumber Scenarios" data-provider="scenarios" finished-at="2024-02-27T15:35:44 IST" duration-ms="10330" status="PASS">
          <params>
            <param index="0">
              <value>
                <![CDATA["Checking search functionality"]]>
              </value>
            </param>
            <param index="1">
              <value>
                <![CDATA["Regression suite of UrbanLadder Automation"]]>
              </value>
            </param>
          </params>
          <reporter-output>
          </reporter-output>
        </test-method> <!-- runScenario -->
        <test-method signature="runScenario(io.cucumber.testng.PickleWrapper,io.cucumber.testng.FeatureWrapper)[pri:0, instance:com.displayBookshelves.testRunner.testNGRunner@71075444]" started-at="2024-02-27T15:35:44 IST" name="runScenario" description="Runs Cucumber Scenarios" data-provider="scenarios" finished-at="2024-02-27T15:36:03 IST" duration-ms="18645" status="PASS">
          <params>
            <param index="0">
              <value>
                <![CDATA["Check track order functionality"]]>
              </value>
            </param>
            <param index="1">
              <value>
                <![CDATA["Regression suite of UrbanLadder Automation"]]>
              </value>
            </param>
          </params>
          <reporter-output>
          </reporter-output>
        </test-method> <!-- runScenario -->
        <test-method signature="runScenario(io.cucumber.testng.PickleWrapper,io.cucumber.testng.FeatureWrapper)[pri:0, instance:com.displayBookshelves.testRunner.testNGRunner@71075444]" started-at="2024-02-27T15:36:03 IST" name="runScenario" description="Runs Cucumber Scenarios" data-provider="scenarios" finished-at="2024-02-27T15:36:12 IST" duration-ms="8806" status="PASS">
          <params>
            <param index="0">
              <value>
                <![CDATA["Check Wishlist functionality"]]>
              </value>
            </param>
            <param index="1">
              <value>
                <![CDATA["Regression suite of UrbanLadder Automation"]]>
              </value>
            </param>
          </params>
          <reporter-output>
          </reporter-output>
        </test-method> <!-- runScenario -->
        <test-method signature="runScenario(io.cucumber.testng.PickleWrapper,io.cucumber.testng.FeatureWrapper)[pri:0, instance:com.displayBookshelves.testRunner.testNGRunner@71075444]" started-at="2024-02-27T15:36:12 IST" name="runScenario" description="Runs Cucumber Scenarios" data-provider="scenarios" finished-at="2024-02-27T15:36:21 IST" duration-ms="9177" status="PASS">
          <params>
            <param index="0">
              <value>
                <![CDATA["Check cart functionality"]]>
              </value>
            </param>
            <param index="1">
              <value>
                <![CDATA["Regression suite of UrbanLadder Automation"]]>
              </value>
            </param>
          </params>
          <reporter-output>
          </reporter-output>
        </test-method> <!-- runScenario -->
        <test-method signature="runScenario(io.cucumber.testng.PickleWrapper,io.cucumber.testng.FeatureWrapper)[pri:0, instance:com.displayBookshelves.testRunner.testNGRunner@71075444]" started-at="2024-02-27T15:36:21 IST" name="runScenario" description="Runs Cucumber Scenarios" data-provider="scenarios" finished-at="2024-02-27T15:36:36 IST" duration-ms="15560" status="PASS">
          <params>
            <param index="0">
              <value>
                <![CDATA["Check the material filter functionality"]]>
              </value>
            </param>
            <param index="1">
              <value>
                <![CDATA["Regression suite of UrbanLadder Automation"]]>
              </value>
            </param>
          </params>
          <reporter-output>
          </reporter-output>
        </test-method> <!-- runScenario -->
        <test-method signature="runScenario(io.cucumber.testng.PickleWrapper,io.cucumber.testng.FeatureWrapper)[pri:0, instance:com.displayBookshelves.testRunner.testNGRunner@71075444]" started-at="2024-02-27T15:36:36 IST" name="runScenario" description="Runs Cucumber Scenarios" data-provider="scenarios" finished-at="2024-02-27T15:36:52 IST" duration-ms="15230" status="PASS">
          <params>
            <param index="0">
              <value>
                <![CDATA["Check the material filter functionality"]]>
              </value>
            </param>
            <param index="1">
              <value>
                <![CDATA["Regression suite of UrbanLadder Automation"]]>
              </value>
            </param>
          </params>
          <reporter-output>
          </reporter-output>
        </test-method> <!-- runScenario -->
        <test-method signature="runScenario(io.cucumber.testng.PickleWrapper,io.cucumber.testng.FeatureWrapper)[pri:0, instance:com.displayBookshelves.testRunner.testNGRunner@71075444]" started-at="2024-02-27T15:36:52 IST" name="runScenario" description="Runs Cucumber Scenarios" data-provider="scenarios" finished-at="2024-02-27T15:37:06 IST" duration-ms="14169" status="PASS">
          <params>
            <param index="0">
              <value>
                <![CDATA["Check the material filter functionality"]]>
              </value>
            </param>
            <param index="1">
              <value>
                <![CDATA["Regression suite of UrbanLadder Automation"]]>
              </value>
            </param>
          </params>
          <reporter-output>
          </reporter-output>
        </test-method> <!-- runScenario -->
        <test-method signature="runScenario(io.cucumber.testng.PickleWrapper,io.cucumber.testng.FeatureWrapper)[pri:0, instance:com.displayBookshelves.testRunner.testNGRunner@71075444]" started-at="2024-02-27T15:37:06 IST" name="runScenario" description="Runs Cucumber Scenarios" data-provider="scenarios" finished-at="2024-02-27T15:37:21 IST" duration-ms="15455" status="PASS">
          <params>
            <param index="0">
              <value>
                <![CDATA["Check the brand filter functionality"]]>
              </value>
            </param>
            <param index="1">
              <value>
                <![CDATA["Regression suite of UrbanLadder Automation"]]>
              </value>
            </param>
          </params>
          <reporter-output>
          </reporter-output>
        </test-method> <!-- runScenario -->
        <test-method signature="runScenario(io.cucumber.testng.PickleWrapper,io.cucumber.testng.FeatureWrapper)[pri:0, instance:com.displayBookshelves.testRunner.testNGRunner@71075444]" started-at="2024-02-27T15:37:21 IST" name="runScenario" description="Runs Cucumber Scenarios" data-provider="scenarios" finished-at="2024-02-27T15:37:35 IST" duration-ms="14004" status="PASS">
          <params>
            <param index="0">
              <value>
                <![CDATA["Check the brand filter functionality"]]>
              </value>
            </param>
            <param index="1">
              <value>
                <![CDATA["Regression suite of UrbanLadder Automation"]]>
              </value>
            </param>
          </params>
          <reporter-output>
          </reporter-output>
        </test-method> <!-- runScenario -->
        <test-method signature="runScenario(io.cucumber.testng.PickleWrapper,io.cucumber.testng.FeatureWrapper)[pri:0, instance:com.displayBookshelves.testRunner.testNGRunner@71075444]" started-at="2024-02-27T15:37:35 IST" name="runScenario" description="Runs Cucumber Scenarios" data-provider="scenarios" finished-at="2024-02-27T15:37:49 IST" duration-ms="14091" status="PASS">
          <params>
            <param index="0">
              <value>
                <![CDATA["Check the brand filter functionality"]]>
              </value>
            </param>
            <param index="1">
              <value>
                <![CDATA["Regression suite of UrbanLadder Automation"]]>
              </value>
            </param>
          </params>
          <reporter-output>
          </reporter-output>
        </test-method> <!-- runScenario -->
        <test-method signature="runScenario(io.cucumber.testng.PickleWrapper,io.cucumber.testng.FeatureWrapper)[pri:0, instance:com.displayBookshelves.testRunner.testNGRunner@71075444]" started-at="2024-02-27T15:37:49 IST" name="runScenario" description="Runs Cucumber Scenarios" data-provider="scenarios" finished-at="2024-02-27T15:38:07 IST" duration-ms="17601" status="PASS">
          <params>
            <param index="0">
              <value>
                <![CDATA["Check the sort by functionality"]]>
              </value>
            </param>
            <param index="1">
              <value>
                <![CDATA["Regression suite of UrbanLadder Automation"]]>
              </value>
            </param>
          </params>
          <reporter-output>
          </reporter-output>
        </test-method> <!-- runScenario -->
        <test-method signature="runScenario(io.cucumber.testng.PickleWrapper,io.cucumber.testng.FeatureWrapper)[pri:0, instance:com.displayBookshelves.testRunner.testNGRunner@71075444]" started-at="2024-02-27T15:38:07 IST" name="runScenario" description="Runs Cucumber Scenarios" data-provider="scenarios" finished-at="2024-02-27T15:38:25 IST" duration-ms="18326" status="PASS">
          <params>
            <param index="0">
              <value>
                <![CDATA["Check the sort by functionality"]]>
              </value>
            </param>
            <param index="1">
              <value>
                <![CDATA["Regression suite of UrbanLadder Automation"]]>
              </value>
            </param>
          </params>
          <reporter-output>
          </reporter-output>
        </test-method> <!-- runScenario -->
        <test-method signature="runScenario(io.cucumber.testng.PickleWrapper,io.cucumber.testng.FeatureWrapper)[pri:0, instance:com.displayBookshelves.testRunner.testNGRunner@71075444]" started-at="2024-02-27T15:38:25 IST" name="runScenario" description="Runs Cucumber Scenarios" data-provider="scenarios" finished-at="2024-02-27T15:38:43 IST" duration-ms="18070" status="PASS">
          <params>
            <param index="0">
              <value>
                <![CDATA["Check the sort by functionality"]]>
              </value>
            </param>
            <param index="1">
              <value>
                <![CDATA["Regression suite of UrbanLadder Automation"]]>
              </value>
            </param>
          </params>
          <reporter-output>
          </reporter-output>
        </test-method> <!-- runScenario -->
        <test-method signature="runScenario(io.cucumber.testng.PickleWrapper,io.cucumber.testng.FeatureWrapper)[pri:0, instance:com.displayBookshelves.testRunner.testNGRunner@71075444]" started-at="2024-02-27T15:38:43 IST" name="runScenario" description="Runs Cucumber Scenarios" data-provider="scenarios" finished-at="2024-02-27T15:38:56 IST" duration-ms="12813" status="PASS">
          <params>
            <param index="0">
              <value>
                <![CDATA["navigating to Bookshelves page"]]>
              </value>
            </param>
            <param index="1">
              <value>
                <![CDATA["Smoke suite of UrbanLadder Automation"]]>
              </value>
            </param>
          </params>
          <reporter-output>
          </reporter-output>
        </test-method> <!-- runScenario -->
        <test-method signature="runScenario(io.cucumber.testng.PickleWrapper,io.cucumber.testng.FeatureWrapper)[pri:0, instance:com.displayBookshelves.testRunner.testNGRunner@71075444]" started-at="2024-02-27T15:38:56 IST" name="runScenario" description="Runs Cucumber Scenarios" data-provider="scenarios" finished-at="2024-02-27T15:39:27 IST" duration-ms="31311" status="PASS">
          <params>
            <param index="0">
              <value>
                <![CDATA["Applying filters on bookshelves"]]>
              </value>
            </param>
            <param index="1">
              <value>
                <![CDATA["Smoke suite of UrbanLadder Automation"]]>
              </value>
            </param>
          </params>
          <reporter-output>
          </reporter-output>
        </test-method> <!-- runScenario -->
        <test-method signature="runScenario(io.cucumber.testng.PickleWrapper,io.cucumber.testng.FeatureWrapper)[pri:0, instance:com.displayBookshelves.testRunner.testNGRunner@71075444]" started-at="2024-02-27T15:39:27 IST" name="runScenario" description="Runs Cucumber Scenarios" data-provider="scenarios" finished-at="2024-02-27T15:39:37 IST" duration-ms="9857" status="PASS">
          <params>
            <param index="0">
              <value>
                <![CDATA["Navigate to Studychairs Page"]]>
              </value>
            </param>
            <param index="1">
              <value>
                <![CDATA["Smoke suite of UrbanLadder Automation"]]>
              </value>
            </param>
          </params>
          <reporter-output>
          </reporter-output>
        </test-method> <!-- runScenario -->
        <test-method signature="runScenario(io.cucumber.testng.PickleWrapper,io.cucumber.testng.FeatureWrapper)[pri:0, instance:com.displayBookshelves.testRunner.testNGRunner@71075444]" started-at="2024-02-27T15:39:37 IST" name="runScenario" description="Runs Cucumber Scenarios" data-provider="scenarios" finished-at="2024-02-27T15:39:46 IST" duration-ms="8387" status="PASS">
          <params>
            <param index="0">
              <value>
                <![CDATA["Get all items under any one of sub-menu items of Living menu item"]]>
              </value>
            </param>
            <param index="1">
              <value>
                <![CDATA["Smoke suite of UrbanLadder Automation"]]>
              </value>
            </param>
          </params>
          <reporter-output>
          </reporter-output>
        </test-method> <!-- runScenario -->
        <test-method signature="runScenario(io.cucumber.testng.PickleWrapper,io.cucumber.testng.FeatureWrapper)[pri:0, instance:com.displayBookshelves.testRunner.testNGRunner@71075444]" started-at="2024-02-27T15:39:46 IST" name="runScenario" description="Runs Cucumber Scenarios" data-provider="scenarios" finished-at="2024-02-27T15:39:55 IST" duration-ms="8931" status="PASS">
          <params>
            <param index="0">
              <value>
                <![CDATA["Get all items under any one of sub-menu items of Living menu item"]]>
              </value>
            </param>
            <param index="1">
              <value>
                <![CDATA["Smoke suite of UrbanLadder Automation"]]>
              </value>
            </param>
          </params>
          <reporter-output>
          </reporter-output>
        </test-method> <!-- runScenario -->
        <test-method signature="runScenario(io.cucumber.testng.PickleWrapper,io.cucumber.testng.FeatureWrapper)[pri:0, instance:com.displayBookshelves.testRunner.testNGRunner@71075444]" started-at="2024-02-27T15:39:55 IST" name="runScenario" description="Runs Cucumber Scenarios" data-provider="scenarios" finished-at="2024-02-27T15:40:08 IST" duration-ms="13067" status="PASS">
          <params>
            <param index="0">
              <value>
                <![CDATA["Navigate to Giftcards page"]]>
              </value>
            </param>
            <param index="1">
              <value>
                <![CDATA["Smoke suite of UrbanLadder Automation"]]>
              </value>
            </param>
          </params>
          <reporter-output>
          </reporter-output>
        </test-method> <!-- runScenario -->
        <test-method signature="runScenario(io.cucumber.testng.PickleWrapper,io.cucumber.testng.FeatureWrapper)[pri:0, instance:com.displayBookshelves.testRunner.testNGRunner@71075444]" started-at="2024-02-27T15:40:08 IST" name="runScenario" description="Runs Cucumber Scenarios" data-provider="scenarios" finished-at="2024-02-27T15:40:22 IST" duration-ms="13855" status="PASS">
          <params>
            <param index="0">
              <value>
                <![CDATA["Choose an occasion"]]>
              </value>
            </param>
            <param index="1">
              <value>
                <![CDATA["Smoke suite of UrbanLadder Automation"]]>
              </value>
            </param>
          </params>
          <reporter-output>
          </reporter-output>
        </test-method> <!-- runScenario -->
        <test-method signature="runScenario(io.cucumber.testng.PickleWrapper,io.cucumber.testng.FeatureWrapper)[pri:0, instance:com.displayBookshelves.testRunner.testNGRunner@71075444]" started-at="2024-02-27T15:40:22 IST" name="runScenario" description="Runs Cucumber Scenarios" data-provider="scenarios" finished-at="2024-02-27T15:40:35 IST" duration-ms="13696" status="PASS">
          <params>
            <param index="0">
              <value>
                <![CDATA["Customize the gift card with valid amount"]]>
              </value>
            </param>
            <param index="1">
              <value>
                <![CDATA["Smoke suite of UrbanLadder Automation"]]>
              </value>
            </param>
          </params>
          <reporter-output>
          </reporter-output>
        </test-method> <!-- runScenario -->
        <test-method signature="runScenario(io.cucumber.testng.PickleWrapper,io.cucumber.testng.FeatureWrapper)[pri:0, instance:com.displayBookshelves.testRunner.testNGRunner@71075444]" started-at="2024-02-27T15:40:35 IST" name="runScenario" description="Runs Cucumber Scenarios" data-provider="scenarios" finished-at="2024-02-27T15:40:51 IST" duration-ms="15748" status="PASS">
          <params>
            <param index="0">
              <value>
                <![CDATA["Customize the gift card with valid amount"]]>
              </value>
            </param>
            <param index="1">
              <value>
                <![CDATA["Smoke suite of UrbanLadder Automation"]]>
              </value>
            </param>
          </params>
          <reporter-output>
          </reporter-output>
        </test-method> <!-- runScenario -->
        <test-method signature="runScenario(io.cucumber.testng.PickleWrapper,io.cucumber.testng.FeatureWrapper)[pri:0, instance:com.displayBookshelves.testRunner.testNGRunner@71075444]" started-at="2024-02-27T15:40:51 IST" name="runScenario" description="Runs Cucumber Scenarios" data-provider="scenarios" finished-at="2024-02-27T15:41:05 IST" duration-ms="13858" status="PASS">
          <params>
            <param index="0">
              <value>
                <![CDATA["Customize the gift card with valid amount"]]>
              </value>
            </param>
            <param index="1">
              <value>
                <![CDATA["Smoke suite of UrbanLadder Automation"]]>
              </value>
            </param>
          </params>
          <reporter-output>
          </reporter-output>
        </test-method> <!-- runScenario -->
        <test-method signature="runScenario(io.cucumber.testng.PickleWrapper,io.cucumber.testng.FeatureWrapper)[pri:0, instance:com.displayBookshelves.testRunner.testNGRunner@71075444]" started-at="2024-02-27T15:41:05 IST" name="runScenario" description="Runs Cucumber Scenarios" data-provider="scenarios" finished-at="2024-02-27T15:41:21 IST" duration-ms="15659" status="PASS">
          <params>
            <param index="0">
              <value>
                <![CDATA["Filling the form with from and to details"]]>
              </value>
            </param>
            <param index="1">
              <value>
                <![CDATA["Smoke suite of UrbanLadder Automation"]]>
              </value>
            </param>
          </params>
          <reporter-output>
          </reporter-output>
        </test-method> <!-- runScenario -->
        <test-method signature="runScenario(io.cucumber.testng.PickleWrapper,io.cucumber.testng.FeatureWrapper)[pri:0, instance:com.displayBookshelves.testRunner.testNGRunner@71075444]" started-at="2024-02-27T15:41:21 IST" name="runScenario" description="Runs Cucumber Scenarios" data-provider="scenarios" finished-at="2024-02-27T15:41:36 IST" duration-ms="15757" status="PASS">
          <params>
            <param index="0">
              <value>
                <![CDATA["Filling the form with from and to details"]]>
              </value>
            </param>
            <param index="1">
              <value>
                <![CDATA["Smoke suite of UrbanLadder Automation"]]>
              </value>
            </param>
          </params>
          <reporter-output>
          </reporter-output>
        </test-method> <!-- runScenario -->
        <test-method signature="runScenario(io.cucumber.testng.PickleWrapper,io.cucumber.testng.FeatureWrapper)[pri:0, instance:com.displayBookshelves.testRunner.testNGRunner@71075444]" started-at="2024-02-27T15:41:36 IST" name="runScenario" description="Runs Cucumber Scenarios" data-provider="scenarios" finished-at="2024-02-27T15:41:51 IST" duration-ms="14723" status="PASS">
          <params>
            <param index="0">
              <value>
                <![CDATA["Filling the form with from and to details"]]>
              </value>
            </param>
            <param index="1">
              <value>
                <![CDATA["Smoke suite of UrbanLadder Automation"]]>
              </value>
            </param>
          </params>
          <reporter-output>
          </reporter-output>
        </test-method> <!-- runScenario -->
        <test-method is-config="true" signature="tearDownClass()[pri:0, instance:com.displayBookshelves.testRunner.testNGRunner@71075444]" started-at="2024-02-27T15:41:51 IST" name="tearDownClass" finished-at="2024-02-27T15:42:00 IST" duration-ms="8740" status="PASS">
          <reporter-output>
          </reporter-output>
        </test-method> <!-- tearDownClass -->
      </class> <!-- com.displayBookshelves.testRunner.testNGRunner -->
    </test> <!-- Test -->
  </suite> <!-- Suite -->
</testng-results>
